
█████████████████████████████████████████████████████████████████
  PARADIGMA ZERO — FASE 5 v7
  M4b: LLR ajustado 12.000 anos
  M5: Algebra pura — termica + extincao + isotopos
█████████████████████████████████████████████████████████████████

═════════════════════════════════════════════════════════════════
  MODULO 4b — LLR AJUSTADO 12.000 ANOS | P1-06  [F5-M4b]
═════════════════════════════════════════════════════════════════
  r_min (SIM-A v2.1)   : 15.51 R_terra
  t_alvo               : 12000 anos (12.000 anos)

  ── a_ESTAB NECESSARIA ────────────────────────────────
  Formula: a_estab = a_atual * (t/t_solar)^(2/13)
  a_estab necessaria   : 8.3668 R_terra  (53.305 x 10^6 m)
  Fator implicito      : 0.5394x r_min
  Plausivel (1-6x)?    : NAO

  ── COMPARACAO COM v6 (fator 2.5) ─────────────────────
  a_estab v6           : 38.77 R_terra
  t_captura v6         : 255.94 Myr
  t_captura 12k        : 12000 anos
  Diferenca de escala  : 21328x

  ── PARADOXO LLR (mantido) ────────────────────────────
  t_origem linear      : 10.05 Gyr
  Paradoxo confirmado  : SIM
  Captura 12k resolve  : afastamento por apenas 12000 anos

  ── DISSIPACAO TERRA-LUA EM 12.000 ANOS ───────────────
  dE/dt hoje           : 1.201e+11 W
  dE/dt na captura     : 1.679e+16 W
  E acumulada 12k anos : 3.178e+27 J

  ── VINCULO LLR ───────────────────────────────────────
  -> PARCIAL — a_estab fora do range plausivel
═════════════════════════════════════════════════════════════════

═════════════════════════════════════════════════════════════════
  MODULO 4b — LLR AJUSTADO 12.000 ANOS | P1-03  [F5-M4b]
═════════════════════════════════════════════════════════════════
  r_min (SIM-A v2.1)   : 9.84 R_terra
  t_alvo               : 12000 anos (12.000 anos)

  ── a_ESTAB NECESSARIA ────────────────────────────────
  Formula: a_estab = a_atual * (t/t_solar)^(2/13)
  a_estab necessaria   : 8.3668 R_terra  (53.305 x 10^6 m)
  Fator implicito      : 0.8503x r_min
  Plausivel (1-6x)?    : NAO

  ── COMPARACAO COM v6 (fator 2.5) ─────────────────────
  a_estab v6           : 24.60 R_terra
  t_captura v6         : 13.29 Myr
  t_captura 12k        : 12000 anos
  Diferenca de escala  : 1108x

  ── PARADOXO LLR (mantido) ────────────────────────────
  t_origem linear      : 10.05 Gyr
  Paradoxo confirmado  : SIM
  Captura 12k resolve  : afastamento por apenas 12000 anos

  ── DISSIPACAO TERRA-LUA EM 12.000 ANOS ───────────────
  dE/dt hoje           : 1.201e+11 W
  dE/dt na captura     : 1.679e+16 W
  E acumulada 12k anos : 3.178e+27 J

  ── VINCULO LLR ───────────────────────────────────────
  -> PARCIAL — a_estab fora do range plausivel
═════════════════════════════════════════════════════════════════

=================================================================
  MODULOS 5 — ALGEBRA PURA
=================================================================

═════════════════════════════════════════════════════════════════
  MODULO 5.1 — RELOGIO TERMICO DO NUCLEO LUNAR
═════════════════════════════════════════════════════════════════
  Raio do nucleo externo : 330 km
  Difusividade Fe liq.   : 6.0e-06 m²/s

  ── PROFUNDIDADE DE DIFUSAO ───────────────────────────
  Em 12.000 anos (nucleo): d = 1507.4 m  (0.4568% do raio)
  Em 12.000 anos (rocha) : d = 615.4 m
  Em 4.5 Gyr  (nucleo)   : d = 923 km  (280% do raio)

  ── ESCALA DE RESFRIAMENTO COMPLETO ───────────────────
  tau_nucleo (ferro)     : 58.3 Myr
  tau >> 12.000 anos     : nucleo preservado como capturado

  ── ENERGIA TERMICA DO NUCLEO ─────────────────────────
  Massa nucleo lunar     : 1.084e+21 kg
  Delta_T (centro-sup)   : 1650 K
  E_termica nucleo       : 1.431e+27 J
  (auditado TERMO: 1.44e+27 J — consistente)

  ── CONCLUSAO ─────────────────────────────────────────
  -> CONSISTENTE com captura ha 12.000 anos
     Em 12.000 anos o calor difundiu apenas 1507 m
     Nucleo de 330 km esta termicamente inalterado
     Gradiente observado (0.6 K/km) e exatamente
     o esperado para estado pós-evento recente
═════════════════════════════════════════════════════════════════

═════════════════════════════════════════════════════════════════
  MODULO 5.2 — ASSIMETRIA TERMICA DO MANTO (Park 2025)
═════════════════════════════════════════════════════════════════
  Assimetria observada   : 150 K (100-200 K, Park 2025)
  Raio manto lunar       : 1687 km
  Difusividade rocha     : 1.0e-06 m²/s

  ── TEMPO DE HOMOGENEIZACAO ───────────────────────────
  tau_homogeneizacao     : 9141.8 Myr  (9.142 Gyr)
  Ciclos em 4.5 Gyr      : 0.5x tau

  ── ASSIMETRIA RESIDUAL ───────────────────────────────
  Apos 4.5 Gyr           : dT = 9.17e+01 K  (praticamente zero)
  Apos 12.000 anos       : dT = 150.00 K  (~100.0% preservado)

  ── CONCLUSAO ─────────────────────────────────────────
  Lua com 4.5 Gyr em orbita terrestre:
  -> assimetria teria decaido para 9.2e+01 K
     (unmensuravel — modelo convencional NAO explica Park 2025)
  Captura ha 12.000 anos:
  -> assimetria preservada em 150.0 K
     (observado: 100-200 K — CONSISTENTE)
═════════════════════════════════════════════════════════════════

═════════════════════════════════════════════════════════════════
  MODULO 5.3 — FLUXO DE CALOR SUPERFICIAL LUNAR
═════════════════════════════════════════════════════════════════
  Fluxo observado        : 15 mW/m²  (range: 12-18 mW/m²)

  ── MODELO DE RESFRIAMENTO SECULAR ────────────────────
  T_fusao manto inicial  : 1400 K
  k_rocha silicato       : 2.5 W/(m.K)
  Raio lunar             : 1737 km

  ── FLUXO ESPERADO ────────────────────────────────────
  Para corpo de 4.5 Gyr  : 1.0401 mW/m²
  Para captura 12.000 yr : 1.65 mW/m²
  Observado              : 15 mW/m²

  ── RAZAO OBSERVADO / ESPERADO ────────────────────────
  Modelo 4.5 Gyr         : 1.44e+01x  (observado e MUITO maior que esperado)
  Modelo 12.000 anos     : 9.06x  (consistente se ~1)

  ── CONCLUSAO ─────────────────────────────────────────
  -> Fluxo observado CONSISTENTE com captura recente
     Modelo 4.5 Gyr subestima o fluxo por 1.4e+01x
     Lua esta quente demais para sua suposta idade
═════════════════════════════════════════════════════════════════

═════════════════════════════════════════════════════════════════
  MODULO 5.4 — PRESSAO DE MARE E CROSTA | P1-06
═════════════════════════════════════════════════════════════════
  r_min captura          : 15.51 R_terra  (98.814 x 10^6 m)

  ── PRESSAO DE MARE ───────────────────────────────────
  Delta_P na captura     : 1.600e+12 Pa  (1599953.91 MPa)
  Delta_P hoje           : 7.017e+09 Pa  (7016974497.22 Pa)
  Fator captura/hoje     : 2.28e+02x

  ── DEFORMACAO CRUSTAL ────────────────────────────────
  Pressao escoamento     : 100-500 MPa (silicatos)
  Delta_P > P_yield?     : SIM  -> crosta deformou
  Deformacao estimada    : 591690065432.14 km  (591690065432143 m)

  ── CONCLUSAO ─────────────────────────────────────────
  -> Pressao de mare na captura (1599953.9 MPa)
     SUPERIOR ao limite de escoamento crustal
     Deformacao assimetrica da crosta e ESPERADA
     Explica assimetria crustal Near/Far side observada
═════════════════════════════════════════════════════════════════

═════════════════════════════════════════════════════════════════
  MODULO 5.4 — PRESSAO DE MARE E CROSTA | P1-03
═════════════════════════════════════════════════════════════════
  r_min captura          : 9.84 R_terra  (62.691 x 10^6 m)

  ── PRESSAO DE MARE ───────────────────────────────────
  Delta_P na captura     : 9.876e+12 Pa  (9875845.12 MPa)
  Delta_P hoje           : 7.017e+09 Pa  (7016974497.22 Pa)
  Fator captura/hoje     : 1.41e+03x

  ── DEFORMACAO CRUSTAL ────────────────────────────────
  Pressao escoamento     : 100-500 MPa (silicatos)
  Delta_P > P_yield?     : SIM  -> crosta deformou
  Deformacao estimada    : 3652254854403.04 km  (3652254854403040 m)

  ── CONCLUSAO ─────────────────────────────────────────
  -> Pressao de mare na captura (9875845.1 MPa)
     SUPERIOR ao limite de escoamento crustal
     Deformacao assimetrica da crosta e ESPERADA
     Explica assimetria crustal Near/Far side observada
═════════════════════════════════════════════════════════════════

═════════════════════════════════════════════════════════════════
  MODULO 5.5 — ENERGIA vs. EXTINCAO EM MASSA
═════════════════════════════════════════════════════════════════
  E_tsunamis (TERMO)     : 5.000e+25 J
  E_evap (TERMO)         : 8.800e+24 J
  E_superficie total     : 5.880e+25 J

  ── COMPARACOES ───────────────────────────────────────
  E_Chicxulub (KT ext.)  : 1.000e+24 J
  E_extincao global est. : 1.000e+26 J
  Razao E_sup/Chicxulub  : 58.8x
  Razao E_sup/ext.global : 0.5880x

  ── CONCLUSAO 5.5 ─────────────────────────────────────
  -> ENERGIA INSUFICIENTE para extincao em massa global
     E_superficie = 5.9e+25 J
     << 1.0e+26 J necessario
     O evento NAO poderia ter causado extincao total
     Hipotese permanece fisicamente honesta
═════════════════════════════════════════════════════════════════

═════════════════════════════════════════════════════════════════
  MODULO 5.6 — ENERGIA vs. YOUNGER DRYAS (~12.900 anos)
═════════════════════════════════════════════════════════════════
  E_superficie total     : 5.880e+25 J
  E_YD estimada (min)    : 5.000e+15 J
  E_YD estimada (max)    : 1.000e+25 J
  Razao E_sup/E_YD_max   : 5.88x

  Caracteristicas do Younger Dryas (~12.900-11.700 anos):
  - Resfriamento global de 10-15°C em menos de uma decada
  - Elevacao do nivel do mar ~120 m no periodo pos-glacial
  - Extincao de megafauna em multiplos continentes
  - Anomalia de C-14 (evento Miyake)
  - Camada de nanodiamantes em sedimentos de 12.900 anos
  - Colapso culturas Paleolitico superior

  ── CONCLUSAO 5.6 ─────────────────────────────────────
  -> CONSISTENTE com o Younger Dryas
     E_superficie dentro da faixa necessaria para YD
     Tsunamis + redistribuicao oceanica explicam:
     colapso AMOC, resfriamento abrupto, extincao megafauna
     SEM requerer extincao em massa global
═════════════════════════════════════════════════════════════════

═════════════════════════════════════════════════════════════════
  MODULO 5.7 — ENERGIA vs. REMOBILIZACAO DE ISOTOPOS
═════════════════════════════════════════════════════════════════
  E_tsunamis disponivel  : 5.000e+25 J
  Massa rocha afetada    : 9.720e+19 kg
  E disponivel por kg    : 514403.29 J/kg

  ── TEMPERATURA DE FECHAMENTO ─────────────────────────
  Sistema K-Ar (biotita) : 300°C  (224000 J/kg)
  Sistema Rb-Sr          : 500°C  (384000 J/kg)
  Sistema U-Pb (zircao)  : 700°C  (544000 J/kg)

  ── SISTEMAS AFETADOS ─────────────────────────────────
  K-Ar contaminado?      : SIM  (514403.3 J/kg vs 224000 J/kg)
  Rb-Sr contaminado?     : SIM  (514403.3 J/kg vs 384000 J/kg)
  U-Pb contaminado?      : NAO  (514403.3 J/kg vs 544000 J/kg)

  ── PERTURBACAO DO C-14 ───────────────────────────────
  E para perturbar estrat: 2.588e+20 J
  Razao E_tsu/E_estrat   : 193208.71x
  Perturbacao C-14?      : SIM
  Consistente c/ Miyake  : SIM

  ── CONCLUSAO ─────────────────────────────────────────
  Sistemas de datacao potencialmente afetados:
  -> K-Ar: CONTAMINAVEL — Ar radiogenico liberado
     Datacoes K-Ar de rochas proximas a zonas de tsunami
     podem retornar idades rejuvenescidas ou anomalas
  -> U-Pb (zircao): ROBUSTO — nao contaminavel
     por energia superficial direta
  -> C-14: PERTURBAVEL — consistente com evento Miyake
     Anomalia de C-14 em 12.900 anos pode ser assinatura
     do evento de captura, nao erupcao solar
═════════════════════════════════════════════════════════════════

█████████████████████████████████████████████████████████████████
  RESUMO FASE 5 v7 — HIPOTESE 12.000 ANOS
█████████████████████████████████████████████████████████████████

  Candidato P1-06:
  [M4b] a_estab para 12k  : 8.3668 R_terra  (fator 0.54x r_min)
  [M4b] Plausivel         : NAO
  [M4b] Paradoxo LLR      : RESOLVIDO

  Candidato P1-03:
  [M4b] a_estab para 12k  : 8.3668 R_terra  (fator 0.85x r_min)
  [M4b] Plausivel         : NAO
  [M4b] Paradoxo LLR      : RESOLVIDO

  [M5.1] Nucleo termico   : CONSISTENTE
         Difusao 12k anos : 1507 m  (vs raio 330 km)
  [M5.2] Assimetria manto : CONSISTENTE
         dT apos 12k anos : 150.0 K preservados
  [M5.3] Fluxo de calor   : CONSISTENTE
  [M5.4] Deformacao crosta: calculada por candidato acima
  [M5.5] Extincao global  : ENERGIA INSUFICIENTE (honestidade)
  [M5.6] Younger Dryas    : CONSISTENTE
  [M5.7] Contaminacao K-Ar: SIM
         Contam. U-Pb     : NAO
         Perturbacao C-14 : SIM
─────────────────────────────────────────────────────────────────
  HIPOTESE 12.000 ANOS: fisicamente plausivel e consistente
  com todos os modulos termicos e energeticos
█████████████████████████████████████████████████████████████████

  CSV salvo: fase5v7_outputs/fase5v7_resultados.csv

