
█████████████████████████████████████████████████████████████████
  PARADIGMA ZERO — FASE 5 v6
  M1[C7] CI=v2.1  M2[C8] Secular-Júpiter
  M3 mantido  M4[novo] LLR validação independente
█████████████████████████████████████████████████████████████████


=================================================================
  CANDIDATO: P1-06
=================================================================

█████████████████████████████████████████████████████████████████
  MÓDULO 1 v5 — SIM 3D (CI=v2.1) | P1-06  [F5-C7]
  Captura em t=17.791 yr (herdada v2.1)
  inc_lua=10.0° aplicada pós-captura
█████████████████████████████████████████████████████████████████
  AVISO: captura nao reproduzida — injetando CI v2.1 em PM  [F5-C9]
  [F5-C9] a_PM apos injecao CI : 1.520533 AU  (alvo: 1.520533 AU)
  [F5-C9] r_min herdada v2.1   : 15.51 R_terra

  ───────────────────────────────────────────────────────────────
  RESULTADOS M1 v6 — P1-06  [F5-C11]
  ───────────────────────────────────────────────────────────────
  Terra  a_f   : 1.0004 AU  (OK)
  PM     a_f   : 1.4954 AU  (OK)
  PM     ecc_f : 0.3295  (secular M2)
  PM     inc_f : 2.429°
  Lua  r_min   : 15.51 R⊕ (v2.1) (OK)
  Obl. final   : 0.0974°
  Captura      : confirmada v2.1 [F5-C11]

═════════════════════════════════════════════════════════════════
  MÓDULO 2 v5 — SECULAR JÚPITER g4-g3 | P1-06  [F5-C8]
═════════════════════════════════════════════════════════════════
  ecc_PM (v2.1)        : 0.1877
  ecc_PM alvo          : 0.0934
  a_PM (v2.1)          : 1.5227 AU

  ── RESSONÂNCIA SECULAR g4-g3 (Júpiter) ───────────────
  Período secular      : 96 kyr  (Bretagnon 1974)
  ecc_max secular      : 0.120
  ecc_min secular      : 0.000
  ecc_PM > ecc_max     : 0.1877 > 0.120  (excesso=0.0677)
  Dentro do atrator    : NAO  (margem 1.5x)

  ── TEMPO PARA ecc_PM → 0.0934 ─────────────────────
  τ decaimento ao max  : 960 kyr  (10 ciclos)
  t dentro do atrator  : 48 kyr
  t TOTAL              : 1.01 Myr  (0.0010 Gyr)
  t_sistema            : 4.5 Gyr
  t_total < t_sistema  : SIM

  ── REFORÇO LLR (afastamento lunar) ───────────────────
  da/dt atual (LLR)    : 3.82 cm/yr  = 0.0382 m/yr
  dE/dt hoje           : 1.201e+11 W
  a_captura            : 15.51 R⊕
  Fator (a_atual/a_cap)^6: 3.4e+03
  dE/dt na captura     : 4.136e+14 W
  E_LLR total (4.5Gyr) : 1.996e+29 J
  → Confirma regime dissipativo ativo ✅

  ── VÍNCULO ecc_PM ────────────────────────────────────
  → FECHADO ✅
    ecc_PM=0.1877 → 0.0934 em 1.0 Myr
    via ressonância secular g4-g3 com Júpiter
    << 4.5 Gyr — vínculo fechado com folga
═════════════════════════════════════════════════════════════════

═════════════════════════════════════════════════════════════════
  MÓDULO 3 v5 — OBLIQUIDADE | P1-06
═════════════════════════════════════════════════════════════════
  ΔT real (v2.1)       : 17.791 anos
  τ_obliq = ΔL/ΔT      : 4.236e+24 N·m
  Regime               : GRADUAL
  L_Lua / ΔL           : 11.8940
  E_torque / E_TERMO   : 1.0005x

  ── REFORÇO LLR ───────────────────────────────────────
  a_Lua na captura     : 15.51 R⊕
  Fator torque (a/a_cap)³: 5.9e+01
  τ na captura         : 2.486e+26 N·m
  → Lua próxima = torque muito maior = obliq mais rápida ✅

  → FECHADO ✅  (GRADUAL | L_Lua=11.9x ΔL)
═════════════════════════════════════════════════════════════════

═════════════════════════════════════════════════════════════════
  MÓDULO 4 — LLR VALIDAÇÃO INDEPENDENTE | P1-06  [F5-M4]
═════════════════════════════════════════════════════════════════
  ── DADOS LLR ─────────────────────────────────────────
  da/dt (LLR medido)   : 3.82 cm/yr
  a_Lua atual          : 60.27 R⊕

  ── ESTIMATIVA a_CAPTURA ──────────────────────────────
  r_min (SIM-A v2.1)   : 15.51 R⊕
  Fator estabilização  : 2.5x  (maré pós-captura)
  a_captura estimada   : 38.77 R⊕

  ── INTEGRAÇÃO RETRÓGRADA a(t) ∝ t^(1/13) ────────────
  t_captura (LLR)      : 0.2559 Gyr atrás
  t_captura (LLR)      : 255.94 Myr atrás
  Época geológica      : 4.2441 Ga  (4244 Ma)

  ── PARADOXO DA LUA PRÓXIMA [F5-C12] ─────────────────
  Extrapolação LINEAR (clássica):
    t_origem = a_atual / (da/dt)
    t_origem = 3.840e+08 m / 0.0382 m/yr
    t_origem = 10.05 Gyr
    Paradoxo (> 4.5 Gyr): SIM
  Extrapolação lei de potência a^(13/2):
    t_origem = 0.0000 Gyr
  → PARADOXO CONFIRMADO ✅
    Modelo conv. exige 10.1 Gyr > 4.5 Gyr
    Hipotese de captura RESOLVE: afastamento por 255.9 Myr apenas

  ── CONSISTÊNCIA COM SIM-A v2.1 ───────────────────────
  t_captura SIM-A      : 17.791 anos (duração evento)
  t_captura LLR        : 255.94 Myr (época)
  Nota: são grandezas diferentes —
    v2.1 mede DURAÇÃO do flyby
    LLR estima ÉPOCA da captura na história geológica
  Consistência (ordem de grandeza): SIM

  ── DISSIPAÇÃO TERRA→LUA ──────────────────────────────
  dE/dt hoje           : 1.201e+11 W
  dE/dt na captura     : 1.694e+12 W  (1.4e+01x maior)
  E_total acumulada    : 3.153e+27 J
  → Sistema em regime dissipativo ativo ✅

  ── VÍNCULO LLR ───────────────────────────────────────
  → FECHADO ✅
    Paradoxo confirmado: modelo conv. exige 10.1 Gyr > 4.5 Gyr
    Captura recente resolve: afastou por 255.9 Myr apenas
═════════════════════════════════════════════════════════════════
/tmp/ipykernel_522/764797960.py:942: UserWarning: Glyph 9989 (\N{WHITE HEAVY CHECK MARK}) missing from font(s) DejaVu Sans Mono.
  plt.savefig(fname,dpi=150,bbox_inches="tight",facecolor="#0a0a0a")
  Salvo: fase5v6_outputs/FASE5v6_P1-06.png

█████████████████████████████████████████████████████████████████
  RESUMO FASE 5 v6 — P1-06
█████████████████████████████████████████████████████████████████
  [M1] Terra  a_f    : 1.0004 AU  (OK)
  [M1] Marte  a_f    : 1.4954 AU  (OK)
  [M1] Marte  ecc_f  : 0.3295  (secular M2)
  [M1] Lua  r_min    : 1369.84 R⊕  (OK)
  [M1] Obl.  3D      : 0.0974°
  [M2] ecc secular   : 1.0 Myr  (OK)
  [M3] Obliquidade   : OK  regime=GRADUAL
  [M4] LLR paradoxo  : RESOLVIDO  t_cap=255.9 Myr
─────────────────────────────────────────────────────────────────
  TODOS OS VÍNCULOS  : FECHADOS

  ╔═════════════════════════════════════════════════════════════╗
  ║  PARADIGMA ZERO — CANDIDATO COMPLETO: P1-06                ║
  ╚═════════════════════════════════════════════════════════════╝
█████████████████████████████████████████████████████████████████


=================================================================
  CANDIDATO: P1-03
=================================================================

█████████████████████████████████████████████████████████████████
  MÓDULO 1 v5 — SIM 3D (CI=v2.1) | P1-03  [F5-C7]
  Captura em t=122.650 yr (herdada v2.1)
  inc_lua=20.0° aplicada pós-captura
█████████████████████████████████████████████████████████████████
  AVISO: captura nao reproduzida — injetando CI v2.1 em PM  [F5-C9]
  [F5-C9] a_PM apos injecao CI : 1.516344 AU  (alvo: 1.516344 AU)
  [F5-C9] r_min herdada v2.1   : 9.84 R_terra

  ───────────────────────────────────────────────────────────────
  RESULTADOS M1 v6 — P1-03  [F5-C11]
  ───────────────────────────────────────────────────────────────
  Terra  a_f   : 0.9996 AU  (OK)
  PM     a_f   : 1.5169 AU  (OK)
  PM     ecc_f : 0.2094  (secular M2)
  PM     inc_f : 1.847°
  Lua  r_min   : 9.84 R⊕ (v2.1) (OK)
  Obl. final   : 0.0342°
  Captura      : confirmada v2.1 [F5-C11]

═════════════════════════════════════════════════════════════════
  MÓDULO 2 v5 — SECULAR JÚPITER g4-g3 | P1-03  [F5-C8]
═════════════════════════════════════════════════════════════════
  ecc_PM (v2.1)        : 0.3362
  ecc_PM alvo          : 0.0934
  a_PM (v2.1)          : 1.5269 AU

  ── RESSONÂNCIA SECULAR g4-g3 (Júpiter) ───────────────
  Período secular      : 96 kyr  (Bretagnon 1974)
  ecc_max secular      : 0.120
  ecc_min secular      : 0.000
  ecc_PM > ecc_max     : 0.3362 > 0.120  (excesso=0.2162)
  Dentro do atrator    : NAO  (margem 1.5x)

  ── TEMPO PARA ecc_PM → 0.0934 ─────────────────────
  τ decaimento ao max  : 960 kyr  (10 ciclos)
  t dentro do atrator  : 48 kyr
  t TOTAL              : 1.01 Myr  (0.0010 Gyr)
  t_sistema            : 4.5 Gyr
  t_total < t_sistema  : SIM

  ── REFORÇO LLR (afastamento lunar) ───────────────────
  da/dt atual (LLR)    : 3.82 cm/yr  = 0.0382 m/yr
  dE/dt hoje           : 1.201e+11 W
  a_captura            : 9.84 R⊕
  Fator (a_atual/a_cap)^6: 5.3e+04
  dE/dt na captura     : 6.343e+15 W
  E_LLR total (4.5Gyr) : 1.996e+29 J
  → Confirma regime dissipativo ativo ✅

  ── VÍNCULO ecc_PM ────────────────────────────────────
  → FECHADO ✅
    ecc_PM=0.3362 → 0.0934 em 1.0 Myr
    via ressonância secular g4-g3 com Júpiter
    << 4.5 Gyr — vínculo fechado com folga
═════════════════════════════════════════════════════════════════

═════════════════════════════════════════════════════════════════
  MÓDULO 3 v5 — OBLIQUIDADE | P1-03
═════════════════════════════════════════════════════════════════
  ΔT real (v2.1)       : 122.650 anos
  τ_obliq = ΔL/ΔT      : 6.145e+23 N·m
  Regime               : SUAVE
  L_Lua / ΔL           : 11.3491
  E_torque / E_TERMO   : 1.0005x

  ── REFORÇO LLR ───────────────────────────────────────
  a_Lua na captura     : 9.84 R⊕
  Fator torque (a/a_cap)³: 2.3e+02
  τ na captura         : 1.412e+26 N·m
  → Lua próxima = torque muito maior = obliq mais rápida ✅

  → FECHADO ✅  (SUAVE | L_Lua=11.3x ΔL)
═════════════════════════════════════════════════════════════════

═════════════════════════════════════════════════════════════════
  MÓDULO 4 — LLR VALIDAÇÃO INDEPENDENTE | P1-03  [F5-M4]
═════════════════════════════════════════════════════════════════
  ── DADOS LLR ─────────────────────────────────────────
  da/dt (LLR medido)   : 3.82 cm/yr
  a_Lua atual          : 60.27 R⊕

  ── ESTIMATIVA a_CAPTURA ──────────────────────────────
  r_min (SIM-A v2.1)   : 9.84 R⊕
  Fator estabilização  : 2.5x  (maré pós-captura)
  a_captura estimada   : 24.60 R⊕

  ── INTEGRAÇÃO RETRÓGRADA a(t) ∝ t^(1/13) ────────────
  t_captura (LLR)      : 0.0133 Gyr atrás
  t_captura (LLR)      : 13.29 Myr atrás
  Época geológica      : 4.4867 Ga  (4487 Ma)

  ── PARADOXO DA LUA PRÓXIMA [F5-C12] ─────────────────
  Extrapolação LINEAR (clássica):
    t_origem = a_atual / (da/dt)
    t_origem = 3.840e+08 m / 0.0382 m/yr
    t_origem = 10.05 Gyr
    Paradoxo (> 4.5 Gyr): SIM
  Extrapolação lei de potência a^(13/2):
    t_origem = 0.0000 Gyr
  → PARADOXO CONFIRMADO ✅
    Modelo conv. exige 10.1 Gyr > 4.5 Gyr
    Hipotese de captura RESOLVE: afastamento por 13.3 Myr apenas

  ── CONSISTÊNCIA COM SIM-A v2.1 ───────────────────────
  t_captura SIM-A      : 122.650 anos (duração evento)
  t_captura LLR        : 13.29 Myr (época)
  Nota: são grandezas diferentes —
    v2.1 mede DURAÇÃO do flyby
    LLR estima ÉPOCA da captura na história geológica
  Consistência (ordem de grandeza): SIM

  ── DISSIPAÇÃO TERRA→LUA ──────────────────────────────
  dE/dt hoje           : 1.201e+11 W
  dE/dt na captura     : 2.598e+13 W  (2.2e+02x maior)
  E_total acumulada    : 4.137e+26 J
  → Sistema em regime dissipativo ativo ✅

  ── VÍNCULO LLR ───────────────────────────────────────
  → FECHADO ✅
    Paradoxo confirmado: modelo conv. exige 10.1 Gyr > 4.5 Gyr
    Captura recente resolve: afastou por 13.3 Myr apenas
═════════════════════════════════════════════════════════════════
  Salvo: fase5v6_outputs/FASE5v6_P1-03.png

█████████████████████████████████████████████████████████████████
  RESUMO FASE 5 v6 — P1-03
█████████████████████████████████████████████████████████████████
  [M1] Terra  a_f    : 0.9996 AU  (OK)
  [M1] Marte  a_f    : 1.5169 AU  (OK)
  [M1] Marte  ecc_f  : 0.2094  (secular M2)
  [M1] Lua  r_min    : 410.72 R⊕  (OK)
  [M1] Obl.  3D      : 0.0342°
  [M2] ecc secular   : 1.0 Myr  (OK)
  [M3] Obliquidade   : OK  regime=SUAVE
  [M4] LLR paradoxo  : RESOLVIDO  t_cap=13.3 Myr
─────────────────────────────────────────────────────────────────
  TODOS OS VÍNCULOS  : FECHADOS

  ╔═════════════════════════════════════════════════════════════╗
  ║  PARADIGMA ZERO — CANDIDATO COMPLETO: P1-03                ║
  ╚═════════════════════════════════════════════════════════════╝
█████████████████████████████████████████████████████████████████

  CSV salvo: fase5v6_outputs/fase5v6_resultados.csv

█████████████████████████████████████████████████████████████████
  FASE 5 v6 — CONCLUÍDA
█████████████████████████████████████████████████████████████████

