
███████████████████████████████████████████████████████████████████████████
█  PARADIGMA ZERO — SIM-3D v3.1                                        █
█  BLOCO A: IAS15 heartbeat | BLOCO C: Módulo ROTAÇÃO                  █
█  ω_arg analítico | inc=[5,10,15,20]° | Grade v2.0 confirmados        █
█  Sem abort: inc alto requer até 288 anos para 1° encontro           █
███████████████████████████████████████████████████████████████████████████

[09:25:50] REBOUND versão: 4.6.0
[09:25:50] 
[09:25:50] ════════════════════════════════════════════════════════════════════════
[09:25:50]   SIM-3D v3.1 — BLOCO A (IAS15) + BLOCO C (ROTAÇÃO)
[09:25:50]   Integrador: IAS15 heartbeat | T = 500 anos
[09:25:50]   Abort scan: DESATIVADO (inc alto requer até 288 anos p/ 1° encontro)
[09:25:50]   R_CAPTURA = 70.0 R⊕ | R_HILL = 235.0 R⊕ (ROTAÇÃO ativo)
[09:25:50]   [V3.1-R3] ω_arg analítico: r_nodo ≈ 1.0 AU por (a,e)
[09:25:50]   [V3.1-R4] Grade baseada nos 27 candidatos confirmados v2.0
[09:25:50]   inc = [5°, 10°, 15°, 20°] | Física: τ=(3/2)·G·m_L·(C-A)/r³·sin(i)cos(i)
[09:25:50]   Módulo ROTAÇÃO: Δε mensurável em escala de anos (não horas)
[09:25:50]   Grade total: 11,520 simulações | ω_arg únicos gerados: 480
[09:25:50] ════════════════════════════════════════════════════════════════════════
[09:25:50]     inc=5°: 2,880 sims
[09:25:50]     inc=10°: 2,880 sims
[09:25:50]     inc=15°: 2,880 sims
[09:25:50]     inc=20°: 2,880 sims
[09:25:50] 
[09:25:51]   [DIAG 0] r_min=2494 R⊕ | hb_erros=0 | rot_steps=0 | heartbeat OK
[09:25:52]   [DIAG 1] r_min=2235 R⊕ | hb_erros=0 | rot_steps=0 | heartbeat OK
[09:25:53]   [DIAG 2] r_min=1767 R⊕ | hb_erros=0 | rot_steps=0 | heartbeat OK
[09:27:52]   [   200/11520]   1.7% | 4V:0 3V:0 | r_best:508.3 R⊕ | abort:0% | ETA:1:55:17
[09:29:52]   [   400/11520]   3.5% | 4V:0 3V:0 | r_best:508.3 R⊕ | abort:0% | ETA:1:52:07
[09:31:51]   [   600/11520]   5.2% | 4V:0 3V:0 | r_best:391.1 R⊕ | abort:0% | ETA:1:49:27
[09:33:50]   [   800/11520]   6.9% | 4V:0 3V:0 | r_best:391.1 R⊕ | abort:0% | ETA:1:47:09
[09:35:49]   [  1000/11520]   8.7% | 4V:0 3V:0 | r_best:344.4 R⊕ | abort:0% | ETA:1:45:02
[09:37:49]   [  1200/11520]  10.4% | 4V:0 3V:0 | r_best:344.4 R⊕ | abort:0% | ETA:1:43:07
[09:39:49]   [  1400/11520]  12.2% | 4V:0 3V:0 | r_best:312.9 R⊕ | abort:0% | ETA:1:41:05
[09:41:48]   [  1600/11520]  13.9% | 4V:0 3V:0 | r_best:312.9 R⊕ | abort:0% | ETA:1:39:02
[09:43:47]   [  1800/11520]  15.6% | 4V:0 3V:0 | r_best:312.9 R⊕ | abort:0% | ETA:1:36:59
[09:45:46]   [  2000/11520]  17.4% | 4V:0 3V:0 | r_best:312.9 R⊕ | abort:0% | ETA:1:34:55
[09:47:45]   [  2200/11520]  19.1% | 4V:0 3V:0 | r_best:312.9 R⊕ | abort:0% | ETA:1:32:52
[09:49:44]   [  2400/11520]  20.8% | 4V:0 3V:0 | r_best:312.9 R⊕ | abort:0% | ETA:1:30:51
[09:51:44]   [  2600/11520]  22.6% | 4V:0 3V:0 | r_best:312.9 R⊕ | abort:0% | ETA:1:28:52
[09:53:46]   [  2800/11520]  24.3% | 4V:0 3V:0 | r_best:176.6 R⊕ | abort:0% | ETA:1:27:01
[09:55:46]   [  3000/11520]  26.0% | 4V:0 3V:0 | r_best:176.6 R⊕ | abort:0% | ETA:1:25:01
[09:57:46]   [  3200/11520]  27.8% | 4V:0 3V:0 | r_best:176.6 R⊕ | abort:0% | ETA:1:23:01
[09:59:44]   [  3400/11520]  29.5% | 4V:0 3V:0 | r_best:176.6 R⊕ | abort:0% | ETA:1:20:58
[10:01:42]   [  3600/11520]  31.2% | 4V:0 3V:0 | r_best:176.6 R⊕ | abort:0% | ETA:1:18:55
[10:03:41]   [  3800/11520]  33.0% | 4V:0 3V:0 | r_best:176.6 R⊕ | abort:0% | ETA:1:16:54
[10:05:40]   [  4000/11520]  34.7% | 4V:0 3V:0 | r_best:176.6 R⊕ | abort:0% | ETA:1:14:53
[10:07:40]   [  4200/11520]  36.5% | 4V:0 3V:0 | r_best:176.6 R⊕ | abort:0% | ETA:1:12:54
[10:09:39]   [  4400/11520]  38.2% | 4V:0 3V:0 | r_best:176.6 R⊕ | abort:0% | ETA:1:10:54
[10:11:39]   [  4600/11520]  39.9% | 4V:0 3V:0 | r_best:176.6 R⊕ | abort:0% | ETA:1:08:55
[10:13:38]   [  4800/11520]  41.7% | 4V:0 3V:0 | r_best:176.6 R⊕ | abort:0% | ETA:1:06:55
[10:15:37]   [  5000/11520]  43.4% | 4V:0 3V:0 | r_best:176.6 R⊕ | abort:0% | ETA:1:04:55
[10:17:36]   [  5200/11520]  45.1% | 4V:0 3V:0 | r_best:176.6 R⊕ | abort:0% | ETA:1:02:55
[10:19:35]   [  5400/11520]  46.9% | 4V:0 3V:0 | r_best:176.6 R⊕ | abort:0% | ETA:1:00:55
[10:21:35]   [  5600/11520]  48.6% | 4V:0 3V:0 | r_best:176.6 R⊕ | abort:0% | ETA:0:58:56
[10:23:35]   [  5800/11520]  50.3% | 4V:0 3V:0 | r_best:176.6 R⊕ | abort:0% | ETA:0:56:57
[10:25:35]   [  6000/11520]  52.1% | 4V:0 3V:0 | r_best:176.6 R⊕ | abort:0% | ETA:0:54:58
[10:27:34]   [  6200/11520]  53.8% | 4V:0 3V:0 | r_best:176.6 R⊕ | abort:0% | ETA:0:52:58
[10:29:33]   [  6400/11520]  55.6% | 4V:0 3V:0 | r_best:176.6 R⊕ | abort:0% | ETA:0:50:58
[10:31:32]   [  6600/11520]  57.3% | 4V:0 3V:0 | r_best:176.6 R⊕ | abort:0% | ETA:0:48:58
[10:33:31]   [  6800/11520]  59.0% | 4V:0 3V:0 | r_best:176.6 R⊕ | abort:0% | ETA:0:46:58
[10:35:30]   [  7000/11520]  60.8% | 4V:0 3V:0 | r_best:176.6 R⊕ | abort:0% | ETA:0:44:59
[10:37:30]   [  7200/11520]  62.5% | 4V:0 3V:0 | r_best:176.6 R⊕ | abort:0% | ETA:0:42:59
[10:39:29]   [  7400/11520]  64.2% | 4V:0 3V:0 | r_best:176.6 R⊕ | abort:0% | ETA:0:41:00
[10:41:28]   [  7600/11520]  66.0% | 4V:0 3V:0 | r_best:176.6 R⊕ | abort:0% | ETA:0:39:01
[10:43:28]   [  7800/11520]  67.7% | 4V:0 3V:0 | r_best:176.6 R⊕ | abort:0% | ETA:0:37:01
[10:45:27]   [  8000/11520]  69.4% | 4V:0 3V:0 | r_best:100.7 R⊕ | abort:0% | ETA:0:35:02
[10:47:27]   [  8200/11520]  71.2% | 4V:0 3V:0 | r_best:100.7 R⊕ | abort:0% | ETA:0:33:02
[10:49:27]   [  8400/11520]  72.9% | 4V:0 3V:0 | r_best:100.7 R⊕ | abort:0% | ETA:0:31:03
[10:51:27]   [  8600/11520]  74.7% | 4V:0 3V:0 | r_best:100.7 R⊕ | abort:0% | ETA:0:29:04
[10:53:26]   [  8800/11520]  76.4% | 4V:0 3V:0 | r_best:100.7 R⊕ | abort:0% | ETA:0:27:04
[10:55:25]   [  9000/11520]  78.1% | 4V:0 3V:0 | r_best:100.7 R⊕ | abort:0% | ETA:0:25:05
[10:57:26]   [  9200/11520]  79.9% | 4V:0 3V:0 | r_best:100.7 R⊕ | abort:0% | ETA:0:23:05
[10:59:25]   [  9400/11520]  81.6% | 4V:0 3V:0 | r_best:100.7 R⊕ | abort:0% | ETA:0:21:06
[11:01:24]   [  9600/11520]  83.3% | 4V:0 3V:0 | r_best:100.7 R⊕ | abort:0% | ETA:0:19:06
[11:03:23]   [  9800/11520]  85.1% | 4V:0 3V:0 | r_best:100.7 R⊕ | abort:0% | ETA:0:17:07
[11:03:38]   ★ QUASE | V31-009824 | r_min=87.1 R⊕ | inc=5° ω=254°
[11:05:24]   [ 10000/11520]  86.8% | 4V:0 3V:0 | r_best:87.1 R⊕ | abort:0% | ETA:0:15:08
[11:07:22]   [ 10200/11520]  88.5% | 4V:0 3V:0 | r_best:87.1 R⊕ | abort:0% | ETA:0:13:08
[11:09:21]   [ 10400/11520]  90.3% | 4V:0 3V:0 | r_best:87.1 R⊕ | abort:0% | ETA:0:11:08
[11:11:21]   [ 10600/11520]  92.0% | 4V:0 3V:0 | r_best:87.1 R⊕ | abort:0% | ETA:0:09:09
[11:13:20]   [ 10800/11520]  93.8% | 4V:0 3V:0 | r_best:87.1 R⊕ | abort:0% | ETA:0:07:10
[11:15:19]   [ 11000/11520]  95.5% | 4V:0 3V:0 | r_best:87.1 R⊕ | abort:0% | ETA:0:05:10
[11:17:18]   [ 11200/11520]  97.2% | 4V:0 3V:0 | r_best:87.1 R⊕ | abort:0% | ETA:0:03:11
[11:19:17]   [ 11400/11520]  99.0% | 4V:0 3V:0 | r_best:87.1 R⊕ | abort:0% | ETA:0:01:11
[11:20:29]   [ 11520/11520] 100.0% | 4V:0 3V:0 | r_best:87.1 R⊕ | abort:0% | ETA:0:00:00
[11:20:29] 
[11:20:29] ████████████████████████████████████████████████████████████████████████
[11:20:29]   ANÁLISE FINAL — SIM-3D v3.1
[11:20:29] ████████████████████████████████████████████████████████████████████████
[11:20:29] 
  Nenhum candidato com 4 vínculos.
[11:20:29] 
  ── DIAGNÓSTICO OBLIQUIDADE POR inc ─────────────────────────────
[11:20:29]   inc  | capturas | Marte OK | Δε>0.1° | 4 vínculos
[11:20:29]   -----+----------+----------+---------+-----------
[11:20:29]     5° |        0 |        0 |       0 |         0
[11:20:29]    10° |        0 |        0 |       0 |         0
[11:20:29]    15° |        0 |        0 |       0 |         0
[11:20:29]    20° |        0 |        0 |       0 |         0
[11:20:29] 
  ── NOTAS METODOLÓGICAS ─────────────────────────────────────────
[11:20:29]   [P1] Impulso PM em 70 R⊕ — periapsis real do flyby
[11:20:29]   [V3.1-R1] Módulo ROTAÇÃO: τ=(3/2)G·m_L·(C−A)/r³·sin(i)cos(i)
[11:20:29]             Ativo em r < 235 R⊕ (esfera de Hill)
[11:20:29]             Integrado com dt interno do IAS15 (escala de dias-anos)
[11:20:29]   [V3.1-R2] Heartbeat nativo — IAS15 controla dt, sem loop Python
[11:20:29]   [V3.1-R3] ω_arg analítico: r_nodo ≈ 1.0 AU, elimina r_min=252 R⊕
[11:20:29]   [V3.1-R4] Grade baseada nos 27 candidatos confirmados v2.0 patch
[11:20:29]   Threshold obliquidade: Δε > 0.1° (inc≥15°, r_min~17 R⊕, 1 ano)
[11:20:29] 
TEMPO TOTAL: 1:54:39

███████████████████████████████████████████████████████████████████████████
█  SIM-3D v3.1 COMPLETA                                                █
███████████████████████████████████████████████████████████████████████████
