
███████████████████████████████████████████████████████████████████████████
█  PARADIGMA ZERO — SIM-3D v3.1                                        █
█  BLOCO A: IAS15 heartbeat | BLOCO C: Módulo ROTAÇÃO                  █
█  ω_arg analítico | inc=[5,10,15,20]° | Grade v2.0 confirmados        █
█  Sem abort: inc alto requer até 288 anos para 1° encontro           █
███████████████████████████████████████████████████████████████████████████

[09:30:01] REBOUND versão: 4.6.0
[09:30:01] 
[09:30:01] ════════════════════════════════════════════════════════════════════════
[09:30:01]   SIM-3D v3.1 — BLOCO A (IAS15) + BLOCO C (ROTAÇÃO)
[09:30:01]   Integrador: IAS15 heartbeat | T = 500 anos
[09:30:01]   Abort scan: DESATIVADO (inc alto requer até 288 anos p/ 1° encontro)
[09:30:01]   R_CAPTURA = 70.0 R⊕ | R_HILL = 235.0 R⊕ (ROTAÇÃO ativo)
[09:30:01]   [V3.1-R3] ω_arg analítico: r_nodo ≈ 1.0 AU por (a,e)
[09:30:01]   [V3.1-R4] Grade baseada nos 27 candidatos confirmados v2.0
[09:30:01]   inc = [5°, 10°, 15°, 20°] | Física: τ=(3/2)·G·m_L·(C-A)/r³·sin(i)cos(i)
[09:30:01]   Módulo ROTAÇÃO: Δε mensurável em escala de anos (não horas)
[09:30:01]   Grade total: 11,520 simulações | ω_arg únicos gerados: 480
[09:30:01] ════════════════════════════════════════════════════════════════════════
[09:30:01]     inc=5°: 960 sims
[09:30:01]     inc=7°: 1,920 sims
[09:30:01]     inc=10°: 960 sims
[09:30:01]     inc=11°: 1,920 sims
[09:30:01]     inc=15°: 960 sims
[09:30:01]     inc=17°: 1,920 sims
[09:30:01]     inc=20°: 960 sims
[09:30:01]     inc=23°: 1,920 sims
[09:30:01] 
[09:30:02]   [DIAG 0] r_min=2111 R⊕ | hb_erros=0 | rot_steps=0 | heartbeat OK
[09:30:03]   [DIAG 1] r_min=2387 R⊕ | hb_erros=0 | rot_steps=0 | heartbeat OK
[09:30:03]   [DIAG 2] r_min=1422 R⊕ | hb_erros=0 | rot_steps=0 | heartbeat OK
[09:32:03]   [   200/11520]   1.7% | 4V:0 3V:0 | r_best:239.2 R⊕ | abort:0% | ETA:1:55:23
[09:34:07]   [   400/11520]   3.5% | 4V:0 3V:0 | r_best:239.2 R⊕ | abort:0% | ETA:1:54:01
[09:36:09]   [   600/11520]   5.2% | 4V:0 3V:0 | r_best:239.2 R⊕ | abort:0% | ETA:1:51:38
[09:38:12]   [   800/11520]   6.9% | 4V:0 3V:0 | r_best:239.2 R⊕ | abort:0% | ETA:1:49:42
[09:40:15]   [  1000/11520]   8.7% | 4V:0 3V:0 | r_best:239.2 R⊕ | abort:0% | ETA:1:47:34
[09:42:18]   [  1200/11520]  10.4% | 4V:0 3V:0 | r_best:239.2 R⊕ | abort:0% | ETA:1:45:34
[09:44:20]   [  1400/11520]  12.2% | 4V:0 3V:0 | r_best:161.0 R⊕ | abort:0% | ETA:1:43:29
[09:46:22]   [  1600/11520]  13.9% | 4V:0 3V:0 | r_best:161.0 R⊕ | abort:0% | ETA:1:41:21
[09:48:23]   [  1800/11520]  15.6% | 4V:0 3V:0 | r_best:161.0 R⊕ | abort:0% | ETA:1:39:08
[09:50:24]   [  2000/11520]  17.4% | 4V:0 3V:0 | r_best:161.0 R⊕ | abort:0% | ETA:1:36:59
[09:52:25]   [  2200/11520]  19.1% | 4V:0 3V:0 | r_best:161.0 R⊕ | abort:0% | ETA:1:34:53
[09:54:26]   [  2400/11520]  20.8% | 4V:0 3V:0 | r_best:161.0 R⊕ | abort:0% | ETA:1:32:47
[09:56:30]   [  2600/11520]  22.6% | 4V:0 3V:0 | r_best:161.0 R⊕ | abort:0% | ETA:1:30:50
[09:58:32]   [  2800/11520]  24.3% | 4V:0 3V:0 | r_best:161.0 R⊕ | abort:0% | ETA:1:28:49
[10:00:35]   [  3000/11520]  26.0% | 4V:0 3V:0 | r_best:161.0 R⊕ | abort:0% | ETA:1:26:47
[10:02:37]   [  3200/11520]  27.8% | 4V:0 3V:0 | r_best:161.0 R⊕ | abort:0% | ETA:1:24:45
[10:04:39]   [  3400/11520]  29.5% | 4V:0 3V:0 | r_best:161.0 R⊕ | abort:0% | ETA:1:22:42
[10:06:43]   [  3600/11520]  31.2% | 4V:0 3V:0 | r_best:161.0 R⊕ | abort:0% | ETA:1:20:43
[10:08:45]   [  3800/11520]  33.0% | 4V:0 3V:0 | r_best:161.0 R⊕ | abort:0% | ETA:1:18:41
[10:10:49]   [  4000/11520]  34.7% | 4V:0 3V:0 | r_best:161.0 R⊕ | abort:0% | ETA:1:16:41
[10:12:51]   [  4200/11520]  36.5% | 4V:0 3V:0 | r_best:161.0 R⊕ | abort:0% | ETA:1:14:39
[10:14:57]   [  4400/11520]  38.2% | 4V:0 3V:0 | r_best:161.0 R⊕ | abort:0% | ETA:1:12:41
[10:17:00]   [  4600/11520]  39.9% | 4V:0 3V:0 | r_best:161.0 R⊕ | abort:0% | ETA:1:10:40
[10:19:04]   [  4800/11520]  41.7% | 4V:0 3V:0 | r_best:161.0 R⊕ | abort:0% | ETA:1:08:40
[10:21:07]   [  5000/11520]  43.4% | 4V:0 3V:0 | r_best:159.0 R⊕ | abort:0% | ETA:1:06:38
[10:23:12]   [  5200/11520]  45.1% | 4V:0 3V:0 | r_best:159.0 R⊕ | abort:0% | ETA:1:04:38
[10:25:17]   [  5400/11520]  46.9% | 4V:0 3V:0 | r_best:159.0 R⊕ | abort:0% | ETA:1:02:38
[10:27:20]   [  5600/11520]  48.6% | 4V:0 3V:0 | r_best:159.0 R⊕ | abort:0% | ETA:1:00:35
[10:29:22]   [  5800/11520]  50.3% | 4V:0 3V:0 | r_best:159.0 R⊕ | abort:0% | ETA:0:58:32
[10:31:28]   [  6000/11520]  52.1% | 4V:0 3V:0 | r_best:159.0 R⊕ | abort:0% | ETA:0:56:31
[10:33:32]   [  6200/11520]  53.8% | 4V:0 3V:0 | r_best:159.0 R⊕ | abort:0% | ETA:0:54:30
[10:35:35]   [  6400/11520]  55.6% | 4V:0 3V:0 | r_best:159.0 R⊕ | abort:0% | ETA:0:52:27
[10:37:37]   [  6600/11520]  57.3% | 4V:0 3V:0 | r_best:159.0 R⊕ | abort:0% | ETA:0:50:23
[10:39:40]   [  6800/11520]  59.0% | 4V:0 3V:0 | r_best:159.0 R⊕ | abort:0% | ETA:0:48:20
[10:41:42]   [  7000/11520]  60.8% | 4V:0 3V:0 | r_best:159.0 R⊕ | abort:0% | ETA:0:46:16
[10:43:45]   [  7200/11520]  62.5% | 4V:0 3V:0 | r_best:159.0 R⊕ | abort:0% | ETA:0:44:14
[10:45:48]   [  7400/11520]  64.2% | 4V:0 3V:0 | r_best:159.0 R⊕ | abort:0% | ETA:0:42:11
[10:47:51]   [  7600/11520]  66.0% | 4V:0 3V:0 | r_best:159.0 R⊕ | abort:0% | ETA:0:40:08
[10:49:53]   [  7800/11520]  67.7% | 4V:0 3V:0 | r_best:159.0 R⊕ | abort:0% | ETA:0:38:05
[10:51:56]   [  8000/11520]  69.4% | 4V:0 3V:0 | r_best:100.7 R⊕ | abort:0% | ETA:0:36:02
[10:53:58]   [  8200/11520]  71.2% | 4V:0 3V:0 | r_best:100.7 R⊕ | abort:0% | ETA:0:33:59
[10:56:02]   [  8400/11520]  72.9% | 4V:0 3V:0 | r_best:100.7 R⊕ | abort:0% | ETA:0:31:56
[10:58:04]   [  8600/11520]  74.7% | 4V:0 3V:0 | r_best:100.7 R⊕ | abort:0% | ETA:0:29:53
[11:00:05]   [  8800/11520]  76.4% | 4V:0 3V:0 | r_best:100.7 R⊕ | abort:0% | ETA:0:27:50
[11:02:08]   [  9000/11520]  78.1% | 4V:0 3V:0 | r_best:100.7 R⊕ | abort:0% | ETA:0:25:47
[11:04:13]   [  9200/11520]  79.9% | 4V:0 3V:0 | r_best:100.7 R⊕ | abort:0% | ETA:0:23:45
[11:06:17]   [  9400/11520]  81.6% | 4V:0 3V:0 | r_best:100.7 R⊕ | abort:0% | ETA:0:21:42
[11:08:19]   [  9600/11520]  83.3% | 4V:0 3V:0 | r_best:100.7 R⊕ | abort:0% | ETA:0:19:39
[11:10:23]   [  9800/11520]  85.1% | 4V:0 3V:0 | r_best:100.7 R⊕ | abort:0% | ETA:0:17:36
[11:10:38]   ★ QUASE | V31-009824 | r_min=87.1 R⊕ | inc=5° ω=254°
[11:12:26]   [ 10000/11520]  86.8% | 4V:0 3V:0 | r_best:87.1 R⊕ | abort:0% | ETA:0:15:34
[11:14:28]   [ 10200/11520]  88.5% | 4V:0 3V:0 | r_best:87.1 R⊕ | abort:0% | ETA:0:13:31
[11:16:30]   [ 10400/11520]  90.3% | 4V:0 3V:0 | r_best:87.1 R⊕ | abort:0% | ETA:0:11:28
[11:18:35]   [ 10600/11520]  92.0% | 4V:0 3V:0 | r_best:87.1 R⊕ | abort:0% | ETA:0:09:25
[11:20:38]   [ 10800/11520]  93.8% | 4V:0 3V:0 | r_best:87.1 R⊕ | abort:0% | ETA:0:07:22
[11:22:46]   [ 11000/11520]  95.5% | 4V:0 3V:0 | r_best:87.1 R⊕ | abort:0% | ETA:0:05:19
[11:24:49]   [ 11200/11520]  97.2% | 4V:0 3V:0 | r_best:87.1 R⊕ | abort:0% | ETA:0:03:16
[11:26:52]   [ 11400/11520]  99.0% | 4V:0 3V:0 | r_best:87.1 R⊕ | abort:0% | ETA:0:01:13
[11:28:08]   [ 11520/11520] 100.0% | 4V:0 3V:0 | r_best:87.1 R⊕ | abort:0% | ETA:0:00:00
[11:28:08] 
[11:28:08] ████████████████████████████████████████████████████████████████████████
[11:28:08]   ANÁLISE FINAL — SIM-3D v3.1
[11:28:08] ████████████████████████████████████████████████████████████████████████
[11:28:08] 
  Nenhum candidato com 4 vínculos.
[11:28:08] 
  ── DIAGNÓSTICO OBLIQUIDADE POR inc ─────────────────────────────
[11:28:08]   inc  | capturas | Marte OK | Δε>0.1° | 4 vínculos
[11:28:08]   -----+----------+----------+---------+-----------
[11:28:08]     5° |        0 |        0 |       0 |         0
[11:28:08]    10° |        0 |        0 |       0 |         0
[11:28:08]    15° |        0 |        0 |       0 |         0
[11:28:08]    20° |        0 |        0 |       0 |         0
[11:28:08] 
  ── NOTAS METODOLÓGICAS ─────────────────────────────────────────
[11:28:08]   [P1] Impulso PM em 70 R⊕ — periapsis real do flyby
[11:28:08]   [V3.1-R1] Módulo ROTAÇÃO: τ=(3/2)G·m_L·(C−A)/r³·sin(i)cos(i)
[11:28:08]             Ativo em r < 235 R⊕ (esfera de Hill)
[11:28:08]             Integrado com dt interno do IAS15 (escala de dias-anos)
[11:28:08]   [V3.1-R2] Heartbeat nativo — IAS15 controla dt, sem loop Python
[11:28:08]   [V3.1-R3] ω_arg analítico: r_nodo ≈ 1.0 AU, elimina r_min=252 R⊕
[11:28:08]   [V3.1-R4] Grade baseada nos 27 candidatos confirmados v2.0 patch
[11:28:08]   Threshold obliquidade: Δε > 0.1° (inc≥15°, r_min~17 R⊕, 1 ano)
[11:28:08] 
TEMPO TOTAL: 1:58:06

███████████████████████████████████████████████████████████████████████████
█  SIM-3D v3.1 COMPLETA                                                █
███████████████████████████████████████████████████████████████████████████
